<?xml version="1.0" encoding="UTF-8"?>
<testsuite name="spikeSnakeAxon.ExploratoryTest" tests="1" skipped="0" failures="0" errors="0" timestamp="2021-11-22T14:42:15" hostname="itlm-loiv-11.local" time="0.152">
  <properties/>
  <testcase name="create property()" classname="spikeSnakeAxon.ExploratoryTest" time="0.152"/>
  <system-out><![CDATA[]]></system-out>
  <system-err><![CDATA[SLF4J: Failed to load class "org.slf4j.impl.StaticLoggerBinder".
SLF4J: Defaulting to no-operation (NOP) logger implementation
SLF4J: See http://www.slf4j.org/codes.html#StaticLoggerBinder for further details.
]]></system-err>
</testsuite>
